-------------------------------------------------------------------------------
Test set: TestSuite
-------------------------------------------------------------------------------
Tests run: 1, Failures: 1, Errors: 0, Skipped: 0, Time elapsed: 21.902 s <<< FAILURE! - in TestSuite
testscript.SubCategoriesAddNewTest.verifyAddingNewSubCategoryWithValidDetails  Time elapsed: 4.014 s  <<< FAILURE!
java.lang.NullPointerException: Cannot invoke "org.apache.poi.xssf.usermodel.XSSFSheet.getRow(int)" because "utilities.ExcelUtilities.sh" is null
	at testscript.SubCategoriesAddNewTest.verifyAddingNewSubCategoryWithValidDetails(SubCategoriesAddNewTest.java:24)

