<?xml version="1.0" encoding="UTF-8"?>
<!-- Generated by org.testng.reporters.JUnitXMLReporter -->
<testsuite ignored="0" hostname="DESKTOP-1ODVV1I" failures="1" tests="1" name="SubCategoryDeleteTest" time="20.568" errors="0" timestamp="2024-10-16T17:34:03 IST">
  <testcase classname="testscript.SubCategoriesAddNewTest" name="verifyAddingNewSubCategoryWithValidDetails" time="4.034">
    <failure type="java.lang.NullPointerException" message="Cannot invoke &amp;quot;org.apache.poi.xssf.usermodel.XSSFSheet.getRow(int)&amp;quot; because &amp;quot;utilities.ExcelUtilities.sh&amp;quot; is null">
      <![CDATA[java.lang.NullPointerException: Cannot invoke "org.apache.poi.xssf.usermodel.XSSFSheet.getRow(int)" because "utilities.ExcelUtilities.sh" is null
at utilities.ExcelUtilities.readStringData(ExcelUtilities.java:25)
at testscript.SubCategoriesAddNewTest.verifyAddingNewSubCategoryWithValidDetails(SubCategoriesAddNewTest.java:24)
at java.base/java.util.ArrayList.forEach(ArrayList.java:1511)
... Removed 31 stack frames]]>
    </failure>
  </testcase> <!-- verifyAddingNewSubCategoryWithValidDetails -->
</testsuite> <!-- SubCategoryDeleteTest -->
